<?xml version="1.0" encoding="UTF-8"?>
<!-- Generated by org.testng.reporters.JUnitReportReporter -->
<testsuite skipped="0" hostname="MAC-MacBook-Pro.local" name="WebPages.WebLoginPage" tests="1" failures="0" timestamp="11 Jul 2018 01:57:11 GMT" time="7.426" errors="0">
  <testcase name="positiveloginTest" time="7.426" classname="WebPages.WebLoginPage"/>
</testsuite> <!-- WebPages.WebLoginPage -->
